SF:lib\src\model\article_model.dart
DA:27,1
DA:51,2
DA:52,4
DA:53,4
DA:54,4
DA:55,4
DA:56,4
DA:57,4
DA:58,4
DA:59,4
DA:60,4
DA:61,4
DA:62,4
DA:63,4
DA:64,4
DA:65,4
DA:66,4
DA:67,4
DA:68,5
DA:69,5
DA:70,5
DA:71,5
DA:72,2
DA:73,2
DA:74,3
DA:75,3
DA:78,4
DA:81,1
DA:82,1
DA:83,2
DA:84,2
DA:85,2
DA:86,2
DA:87,2
DA:88,2
DA:89,2
DA:90,2
DA:91,2
DA:92,2
DA:93,2
DA:94,2
DA:95,2
DA:96,2
DA:97,2
DA:98,2
DA:99,2
DA:100,2
DA:101,2
DA:102,2
DA:103,1
DA:104,0
DA:106,2
LF:52
LH:51
end_of_record
SF:lib\src\model\media_model.dart
DA:11,1
DA:19,2
DA:20,4
DA:21,4
DA:22,4
DA:23,4
DA:24,4
DA:25,2
DA:26,2
DA:27,3
DA:28,3
DA:33,1
DA:34,1
DA:35,2
DA:36,2
DA:37,2
DA:38,2
DA:39,2
DA:40,1
DA:41,0
DA:42,0
LF:21
LH:19
end_of_record
SF:lib\src\model\media_metadata_model.dart
DA:7,1
DA:9,2
DA:10,4
DA:11,4
DA:12,4
DA:13,4
DA:16,1
DA:17,1
DA:18,2
DA:19,2
DA:20,2
DA:21,2
LF:12
LH:12
end_of_record
SF:lib\src\util\auto_logger.dart
DA:5,2
LF:1
LH:1
end_of_record
SF:lib\src\service\article_service.dart
DA:12,1
DA:13,1
DA:14,3
DA:16,2
DA:17,1
DA:21,2
DA:23,2
DA:24,2
DA:27,2
DA:28,3
DA:29,3
DA:30,1
LF:12
LH:12
end_of_record
SF:lib\src\util\http_manager.dart
DA:6,3
DA:7,2
DA:15,1
DA:16,1
DA:19,1
DA:20,4
DA:24,1
DA:25,2
DA:26,2
DA:27,1
DA:28,0
DA:29,0
DA:30,0
DA:31,0
LF:14
LH:10
end_of_record
SF:lib\src\util\environment.dart
DA:4,3
DA:5,3
DA:6,3
LF:3
LH:3
end_of_record
SF:lib\src\util\logger.dart
DA:5,2
DA:6,8
DA:9,2
DA:10,8
LF:4
LH:4
end_of_record
